{"C:\\Users\\acer\\workspace\\mind-bridge\\mindbridge-backend\\src\\application\\use-cases\\auth\\DeleteAccount.ts": {"path":"C:\\Users\\acer\\workspace\\mind-bridge\\mindbridge-backend\\src\\application\\use-cases\\auth\\DeleteAccount.ts","statementMap":{"0":{"start":{"line":4,"column":22},"end":{"line":4,"column":53}},"1":{"start":{"line":7,"column":17},"end":{"line":7,"column":59}},"2":{"start":{"line":8,"column":4},"end":{"line":8,"column":49}},"3":{"start":{"line":8,"column":15},"end":{"line":8,"column":49}},"4":{"start":{"line":9,"column":4},"end":{"line":9,"column":45}},"5":{"start":{"line":3,"column":0},"end":{"line":3,"column":13}},"6":{"start":{"line":13,"column":0},"end":{"line":13,"column":29}}},"fnMap":{"0":{"name":"(anonymous_0)","decl":{"start":{"line":4,"column":2},"end":{"line":4,"column":22}},"loc":{"start":{"line":4,"column":53},"end":{"line":4,"column":57}}},"1":{"name":"(anonymous_1)","decl":{"start":{"line":6,"column":2},"end":{"line":6,"column":7}},"loc":{"start":{"line":6,"column":46},"end":{"line":10,"column":3}}}},"branchMap":{"0":{"loc":{"start":{"line":8,"column":4},"end":{"line":8,"column":49}},"type":"if","locations":[{"start":{"line":8,"column":4},"end":{"line":8,"column":49}},{"start":{},"end":{}}]}},"s":{"0":2,"1":2,"2":2,"3":1,"4":1,"5":1,"6":1},"f":{"0":2,"1":2},"b":{"0":[1,1]}}
,"C:\\Users\\acer\\workspace\\mind-bridge\\mindbridge-backend\\src\\application\\use-cases\\auth\\LoginUser.ts": {"path":"C:\\Users\\acer\\workspace\\mind-bridge\\mindbridge-backend\\src\\application\\use-cases\\auth\\LoginUser.ts","statementMap":{"0":{"start":{"line":1,"column":0},"end":{"line":1,"column":30}},"1":{"start":{"line":2,"column":0},"end":{"line":2,"column":31}},"2":{"start":{"line":11,"column":22},"end":{"line":11,"column":53}},"3":{"start":{"line":14,"column":17},"end":{"line":14,"column":61}},"4":{"start":{"line":15,"column":4},"end":{"line":15,"column":54}},"5":{"start":{"line":15,"column":15},"end":{"line":15,"column":54}},"6":{"start":{"line":17,"column":18},"end":{"line":17,"column":67}},"7":{"start":{"line":18,"column":4},"end":{"line":18,"column":55}},"8":{"start":{"line":18,"column":16},"end":{"line":18,"column":55}},"9":{"start":{"line":20,"column":18},"end":{"line":23,"column":null}},"10":{"start":{"line":26,"column":4},"end":{"line":26,"column":44}},"11":{"start":{"line":10,"column":0},"end":{"line":10,"column":13}},"12":{"start":{"line":30,"column":0},"end":{"line":30,"column":25}}},"fnMap":{"0":{"name":"(anonymous_1)","decl":{"start":{"line":11,"column":2},"end":{"line":11,"column":22}},"loc":{"start":{"line":11,"column":53},"end":{"line":11,"column":57}}},"1":{"name":"(anonymous_2)","decl":{"start":{"line":13,"column":2},"end":{"line":13,"column":7}},"loc":{"start":{"line":13,"column":47},"end":{"line":27,"column":3}}}},"branchMap":{"0":{"loc":{"start":{"line":15,"column":4},"end":{"line":15,"column":54}},"type":"if","locations":[{"start":{"line":15,"column":4},"end":{"line":15,"column":54}},{"start":{},"end":{}}]},"1":{"loc":{"start":{"line":18,"column":4},"end":{"line":18,"column":55}},"type":"if","locations":[{"start":{"line":18,"column":4},"end":{"line":18,"column":55}},{"start":{},"end":{}}]},"2":{"loc":{"start":{"line":23,"column":20},"end":{"line":23,"column":54}},"type":"binary-expr","locations":[{"start":{"line":23,"column":20},"end":{"line":23,"column":46}},{"start":{"line":23,"column":50},"end":{"line":23,"column":54}}]}},"s":{"0":1,"1":1,"2":3,"3":3,"4":3,"5":1,"6":2,"7":2,"8":1,"9":1,"10":1,"11":1,"12":1},"f":{"0":3,"1":3},"b":{"0":[1,2],"1":[1,1],"2":[1,1]}}
,"C:\\Users\\acer\\workspace\\mind-bridge\\mindbridge-backend\\src\\application\\use-cases\\auth\\RegisterUser.ts": {"path":"C:\\Users\\acer\\workspace\\mind-bridge\\mindbridge-backend\\src\\application\\use-cases\\auth\\RegisterUser.ts","statementMap":{"0":{"start":{"line":1,"column":0},"end":{"line":1,"column":30}},"1":{"start":{"line":12,"column":22},"end":{"line":12,"column":53}},"2":{"start":{"line":15,"column":4},"end":{"line":17,"column":5}},"3":{"start":{"line":16,"column":6},"end":{"line":16,"column":72}},"4":{"start":{"line":19,"column":21},"end":{"line":19,"column":65}},"5":{"start":{"line":20,"column":4},"end":{"line":20,"column":62}},"6":{"start":{"line":20,"column":18},"end":{"line":20,"column":62}},"7":{"start":{"line":22,"column":25},"end":{"line":22,"column":56}},"8":{"start":{"line":23,"column":17},"end":{"line":23,"column":106}},"9":{"start":{"line":25,"column":4},"end":{"line":25,"column":27}},"10":{"start":{"line":11,"column":0},"end":{"line":11,"column":13}},"11":{"start":{"line":29,"column":0},"end":{"line":29,"column":28}}},"fnMap":{"0":{"name":"(anonymous_1)","decl":{"start":{"line":12,"column":2},"end":{"line":12,"column":22}},"loc":{"start":{"line":12,"column":53},"end":{"line":12,"column":57}}},"1":{"name":"(anonymous_2)","decl":{"start":{"line":14,"column":2},"end":{"line":14,"column":7}},"loc":{"start":{"line":14,"column":76},"end":{"line":26,"column":3}}}},"branchMap":{"0":{"loc":{"start":{"line":15,"column":4},"end":{"line":17,"column":5}},"type":"if","locations":[{"start":{"line":15,"column":4},"end":{"line":17,"column":5}},{"start":{},"end":{}}]},"1":{"loc":{"start":{"line":20,"column":4},"end":{"line":20,"column":62}},"type":"if","locations":[{"start":{"line":20,"column":4},"end":{"line":20,"column":62}},{"start":{},"end":{}}]}},"s":{"0":1,"1":3,"2":3,"3":1,"4":2,"5":2,"6":1,"7":1,"8":1,"9":1,"10":1,"11":1},"f":{"0":3,"1":3},"b":{"0":[1,2],"1":[1,1]}}
,"C:\\Users\\acer\\workspace\\mind-bridge\\mindbridge-backend\\src\\application\\use-cases\\auth\\UpdateProfile.ts": {"path":"C:\\Users\\acer\\workspace\\mind-bridge\\mindbridge-backend\\src\\application\\use-cases\\auth\\UpdateProfile.ts","statementMap":{"0":{"start":{"line":11,"column":22},"end":{"line":11,"column":53}},"1":{"start":{"line":14,"column":4},"end":{"line":14,"column":64}},"2":{"start":{"line":14,"column":25},"end":{"line":14,"column":64}},"3":{"start":{"line":16,"column":4},"end":{"line":19,"column":5}},"4":{"start":{"line":17,"column":23},"end":{"line":17,"column":67}},"5":{"start":{"line":18,"column":6},"end":{"line":18,"column":86}},"6":{"start":{"line":18,"column":46},"end":{"line":18,"column":86}},"7":{"start":{"line":21,"column":55},"end":{"line":21,"column":57}},"8":{"start":{"line":22,"column":4},"end":{"line":22,"column":55}},"9":{"start":{"line":22,"column":28},"end":{"line":22,"column":55}},"10":{"start":{"line":23,"column":4},"end":{"line":23,"column":72}},"11":{"start":{"line":23,"column":29},"end":{"line":23,"column":72}},"12":{"start":{"line":25,"column":17},"end":{"line":25,"column":66}},"13":{"start":{"line":26,"column":4},"end":{"line":26,"column":49}},"14":{"start":{"line":26,"column":15},"end":{"line":26,"column":49}},"15":{"start":{"line":27,"column":4},"end":{"line":27,"column":16}},"16":{"start":{"line":10,"column":0},"end":{"line":10,"column":13}}},"fnMap":{"0":{"name":"(anonymous_0)","decl":{"start":{"line":11,"column":2},"end":{"line":11,"column":22}},"loc":{"start":{"line":11,"column":53},"end":{"line":11,"column":57}}},"1":{"name":"(anonymous_1)","decl":{"start":{"line":13,"column":2},"end":{"line":13,"column":7}},"loc":{"start":{"line":13,"column":59},"end":{"line":28,"column":3}}}},"branchMap":{"0":{"loc":{"start":{"line":14,"column":4},"end":{"line":14,"column":64}},"type":"if","locations":[{"start":{"line":14,"column":4},"end":{"line":14,"column":64}},{"start":{},"end":{}}]},"1":{"loc":{"start":{"line":14,"column":8},"end":{"line":14,"column":23}},"type":"binary-expr","locations":[{"start":{"line":14,"column":8},"end":{"line":14,"column":13}},{"start":{"line":14,"column":17},"end":{"line":14,"column":23}}]},"2":{"loc":{"start":{"line":16,"column":4},"end":{"line":19,"column":5}},"type":"if","locations":[{"start":{"line":16,"column":4},"end":{"line":19,"column":5}},{"start":{},"end":{}}]},"3":{"loc":{"start":{"line":18,"column":6},"end":{"line":18,"column":86}},"type":"if","locations":[{"start":{"line":18,"column":6},"end":{"line":18,"column":86}},{"start":{},"end":{}}]},"4":{"loc":{"start":{"line":18,"column":10},"end":{"line":18,"column":44}},"type":"binary-expr","locations":[{"start":{"line":18,"column":10},"end":{"line":18,"column":18}},{"start":{"line":18,"column":22},"end":{"line":18,"column":44}}]},"5":{"loc":{"start":{"line":22,"column":4},"end":{"line":22,"column":55}},"type":"if","locations":[{"start":{"line":22,"column":4},"end":{"line":22,"column":55}},{"start":{},"end":{}}]},"6":{"loc":{"start":{"line":23,"column":4},"end":{"line":23,"column":72}},"type":"if","locations":[{"start":{"line":23,"column":4},"end":{"line":23,"column":72}},{"start":{},"end":{}}]},"7":{"loc":{"start":{"line":26,"column":4},"end":{"line":26,"column":49}},"type":"if","locations":[{"start":{"line":26,"column":4},"end":{"line":26,"column":49}},{"start":{},"end":{}}]}},"s":{"0":5,"1":5,"2":1,"3":4,"4":2,"5":2,"6":1,"7":3,"8":3,"9":2,"10":3,"11":1,"12":3,"13":3,"14":1,"15":2,"16":1},"f":{"0":5,"1":5},"b":{"0":[1,4],"1":[5,3],"2":[2,2],"3":[1,1],"4":[2,1],"5":[2,1],"6":[1,2],"7":[1,2]}}
,"C:\\Users\\acer\\workspace\\mind-bridge\\mindbridge-backend\\src\\application\\use-cases\\dashboard\\GetEmotionMetrics.ts": {"path":"C:\\Users\\acer\\workspace\\mind-bridge\\mindbridge-backend\\src\\application\\use-cases\\dashboard\\GetEmotionMetrics.ts","statementMap":{"0":{"start":{"line":4,"column":26},"end":{"line":4,"column":98}},"1":{"start":{"line":5,"column":26},"end":{"line":5,"column":121}},"2":{"start":{"line":13,"column":12},"end":{"line":13,"column":49}},"3":{"start":{"line":14,"column":12},"end":{"line":14,"column":49}},"4":{"start":{"line":18,"column":25},"end":{"line":18,"column":102}},"5":{"start":{"line":19,"column":4},"end":{"line":19,"column":109}},"6":{"start":{"line":19,"column":31},"end":{"line":19,"column":109}},"7":{"start":{"line":21,"column":23},"end":{"line":21,"column":48}},"8":{"start":{"line":21,"column":43},"end":{"line":21,"column":47}},"9":{"start":{"line":22,"column":18},"end":{"line":22,"column":28}},"10":{"start":{"line":23,"column":4},"end":{"line":23,"column":42}},"11":{"start":{"line":25,"column":21},"end":{"line":25,"column":95}},"12":{"start":{"line":27,"column":55},"end":{"line":27,"column":57}},"13":{"start":{"line":28,"column":49},"end":{"line":28,"column":51}},"14":{"start":{"line":29,"column":57},"end":{"line":29,"column":59}},"15":{"start":{"line":31,"column":4},"end":{"line":60,"column":5}},"16":{"start":{"line":32,"column":18},"end":{"line":32,"column":59}},"17":{"start":{"line":34,"column":6},"end":{"line":39,"column":7}},"18":{"start":{"line":35,"column":8},"end":{"line":35,"column":77}},"19":{"start":{"line":35,"column":30},"end":{"line":35,"column":77}},"20":{"start":{"line":36,"column":8},"end":{"line":36,"column":76}},"21":{"start":{"line":37,"column":8},"end":{"line":37,"column":46}},"22":{"start":{"line":38,"column":8},"end":{"line":38,"column":35}},"23":{"start":{"line":41,"column":6},"end":{"line":41,"column":49}},"24":{"start":{"line":41,"column":40},"end":{"line":41,"column":49}},"25":{"start":{"line":42,"column":6},"end":{"line":59,"column":7}},"26":{"start":{"line":43,"column":8},"end":{"line":43,"column":44}},"27":{"start":{"line":43,"column":35},"end":{"line":43,"column":44}},"28":{"start":{"line":45,"column":8},"end":{"line":45,"column":85}},"29":{"start":{"line":45,"column":37},"end":{"line":45,"column":85}},"30":{"start":{"line":46,"column":8},"end":{"line":46,"column":50}},"31":{"start":{"line":47,"column":8},"end":{"line":47,"column":42}},"32":{"start":{"line":49,"column":8},"end":{"line":58,"column":9}},"33":{"start":{"line":50,"column":10},"end":{"line":50,"column":109}},"34":{"start":{"line":50,"column":36},"end":{"line":50,"column":109}},"35":{"start":{"line":51,"column":10},"end":{"line":57,"column":11}},"36":{"start":{"line":52,"column":12},"end":{"line":52,"column":52}},"37":{"start":{"line":53,"column":12},"end":{"line":53,"column":46}},"38":{"start":{"line":55,"column":12},"end":{"line":55,"column":52}},"39":{"start":{"line":56,"column":12},"end":{"line":56,"column":46}},"40":{"start":{"line":62,"column":21},"end":{"line":68,"column":52}},"41":{"start":{"line":63,"column":45},"end":{"line":67,"column":8}},"42":{"start":{"line":68,"column":22},"end":{"line":68,"column":51}},"43":{"start":{"line":70,"column":23},"end":{"line":76,"column":51}},"44":{"start":{"line":71,"column":45},"end":{"line":75,"column":8}},"45":{"start":{"line":76,"column":22},"end":{"line":76,"column":50}},"46":{"start":{"line":78,"column":27},"end":{"line":84,"column":51}},"47":{"start":{"line":80,"column":23},"end":{"line":80,"column":59}},"48":{"start":{"line":81,"column":23},"end":{"line":81,"column":59}},"49":{"start":{"line":82,"column":8},"end":{"line":82,"column":73}},"50":{"start":{"line":84,"column":22},"end":{"line":84,"column":50}},"51":{"start":{"line":86,"column":4},"end":{"line":92,"column":6}},"52":{"start":{"line":11,"column":0},"end":{"line":11,"column":13}},"53":{"start":{"line":96,"column":0},"end":{"line":96,"column":33}}},"fnMap":{"0":{"name":"(anonymous_0)","decl":{"start":{"line":12,"column":2},"end":{"line":12,"column":null}},"loc":{"start":{"line":14,"column":49},"end":{"line":15,"column":6}}},"1":{"name":"(anonymous_1)","decl":{"start":{"line":17,"column":2},"end":{"line":17,"column":7}},"loc":{"start":{"line":17,"column":72},"end":{"line":93,"column":3}}},"2":{"name":"(anonymous_2)","decl":{"start":{"line":21,"column":36},"end":{"line":21,"column":37}},"loc":{"start":{"line":21,"column":43},"end":{"line":21,"column":47}}},"3":{"name":"(anonymous_3)","decl":{"start":{"line":63,"column":11},"end":{"line":63,"column":12}},"loc":{"start":{"line":63,"column":45},"end":{"line":67,"column":8}}},"4":{"name":"(anonymous_4)","decl":{"start":{"line":68,"column":12},"end":{"line":68,"column":13}},"loc":{"start":{"line":68,"column":22},"end":{"line":68,"column":51}}},"5":{"name":"(anonymous_5)","decl":{"start":{"line":71,"column":11},"end":{"line":71,"column":12}},"loc":{"start":{"line":71,"column":45},"end":{"line":75,"column":8}}},"6":{"name":"(anonymous_6)","decl":{"start":{"line":76,"column":12},"end":{"line":76,"column":13}},"loc":{"start":{"line":76,"column":22},"end":{"line":76,"column":50}}},"7":{"name":"(anonymous_7)","decl":{"start":{"line":79,"column":11},"end":{"line":79,"column":12}},"loc":{"start":{"line":79,"column":62},"end":{"line":83,"column":7}}},"8":{"name":"(anonymous_8)","decl":{"start":{"line":84,"column":12},"end":{"line":84,"column":13}},"loc":{"start":{"line":84,"column":22},"end":{"line":84,"column":50}}}},"branchMap":{"0":{"loc":{"start":{"line":17,"column":26},"end":{"line":17,"column":35}},"type":"default-arg","locations":[{"start":{"line":17,"column":33},"end":{"line":17,"column":35}}]},"1":{"loc":{"start":{"line":19,"column":4},"end":{"line":19,"column":109}},"type":"if","locations":[{"start":{"line":19,"column":4},"end":{"line":19,"column":109}},{"start":{},"end":{}}]},"2":{"loc":{"start":{"line":34,"column":6},"end":{"line":39,"column":7}},"type":"if","locations":[{"start":{"line":34,"column":6},"end":{"line":39,"column":7}},{"start":{},"end":{}}]},"3":{"loc":{"start":{"line":35,"column":8},"end":{"line":35,"column":77}},"type":"if","locations":[{"start":{"line":35,"column":8},"end":{"line":35,"column":77}},{"start":{},"end":{}}]},"4":{"loc":{"start":{"line":41,"column":6},"end":{"line":41,"column":49}},"type":"if","locations":[{"start":{"line":41,"column":6},"end":{"line":41,"column":49}},{"start":{},"end":{}}]},"5":{"loc":{"start":{"line":43,"column":8},"end":{"line":43,"column":44}},"type":"if","locations":[{"start":{"line":43,"column":8},"end":{"line":43,"column":44}},{"start":{},"end":{}}]},"6":{"loc":{"start":{"line":45,"column":8},"end":{"line":45,"column":85}},"type":"if","locations":[{"start":{"line":45,"column":8},"end":{"line":45,"column":85}},{"start":{},"end":{}}]},"7":{"loc":{"start":{"line":49,"column":8},"end":{"line":58,"column":9}},"type":"if","locations":[{"start":{"line":49,"column":8},"end":{"line":58,"column":9}},{"start":{},"end":{}}]},"8":{"loc":{"start":{"line":49,"column":12},"end":{"line":49,"column":76}},"type":"binary-expr","locations":[{"start":{"line":49,"column":12},"end":{"line":49,"column":42}},{"start":{"line":49,"column":46},"end":{"line":49,"column":76}}]},"9":{"loc":{"start":{"line":50,"column":10},"end":{"line":50,"column":109}},"type":"if","locations":[{"start":{"line":50,"column":10},"end":{"line":50,"column":109}},{"start":{},"end":{}}]},"10":{"loc":{"start":{"line":51,"column":10},"end":{"line":57,"column":11}},"type":"if","locations":[{"start":{"line":51,"column":10},"end":{"line":57,"column":11}},{"start":{"line":54,"column":17},"end":{"line":57,"column":11}}]},"11":{"loc":{"start":{"line":80,"column":23},"end":{"line":80,"column":59}},"type":"cond-expr","locations":[{"start":{"line":80,"column":38},"end":{"line":80,"column":55}},{"start":{"line":80,"column":58},"end":{"line":80,"column":59}}]},"12":{"loc":{"start":{"line":81,"column":23},"end":{"line":81,"column":59}},"type":"cond-expr","locations":[{"start":{"line":81,"column":38},"end":{"line":81,"column":55}},{"start":{"line":81,"column":58},"end":{"line":81,"column":59}}]}},"s":{"0":1,"1":1,"2":3,"3":3,"4":3,"5":3,"6":1,"7":2,"8":2,"9":2,"10":2,"11":2,"12":2,"13":2,"14":2,"15":2,"16":1,"17":1,"18":1,"19":1,"20":1,"21":1,"22":1,"23":1,"24":0,"25":1,"26":2,"27":0,"28":2,"29":2,"30":2,"31":2,"32":2,"33":2,"34":1,"35":2,"36":1,"37":1,"38":1,"39":1,"40":2,"41":2,"42":1,"43":2,"44":1,"45":0,"46":2,"47":1,"48":1,"49":1,"50":0,"51":2,"52":1,"53":1},"f":{"0":3,"1":3,"2":2,"3":2,"4":1,"5":1,"6":0,"7":1,"8":0},"b":{"0":[0],"1":[1,2],"2":[1,0],"3":[1,0],"4":[0,1],"5":[0,2],"6":[2,0],"7":[2,0],"8":[2,1],"9":[1,1],"10":[1,1],"11":[1,0],"12":[1,0]}}
,"C:\\Users\\acer\\workspace\\mind-bridge\\mindbridge-backend\\src\\application\\use-cases\\journal\\SendMessage.ts": {"path":"C:\\Users\\acer\\workspace\\mind-bridge\\mindbridge-backend\\src\\application\\use-cases\\journal\\SendMessage.ts","statementMap":{"0":{"start":{"line":1,"column":0},"end":{"line":1,"column":70}},"1":{"start":{"line":2,"column":0},"end":{"line":2,"column":75}},"2":{"start":{"line":9,"column":27},"end":{"line":9,"column":31}},"3":{"start":{"line":10,"column":29},"end":{"line":10,"column":30}},"4":{"start":{"line":12,"column":23},"end":{"line":18,"column":2}},"5":{"start":{"line":19,"column":26},"end":{"line":19,"column":105}},"6":{"start":{"line":22,"column":16},"end":{"line":22,"column":34}},"7":{"start":{"line":23,"column":2},"end":{"line":23,"column":73}},"8":{"start":{"line":23,"column":38},"end":{"line":23,"column":57}},"9":{"start":{"line":23,"column":60},"end":{"line":23,"column":73}},"10":{"start":{"line":24,"column":2},"end":{"line":24,"column":65}},"11":{"start":{"line":24,"column":41},"end":{"line":24,"column":63}},"12":{"start":{"line":27,"column":32},"end":{"line":31,"column":2}},"13":{"start":{"line":47,"column":12},"end":{"line":47,"column":49}},"14":{"start":{"line":48,"column":12},"end":{"line":48,"column":49}},"15":{"start":{"line":49,"column":12},"end":{"line":49,"column":38}},"16":{"start":{"line":53,"column":14},"end":{"line":53,"column":51}},"17":{"start":{"line":54,"column":4},"end":{"line":57,"column":5}},"18":{"start":{"line":55,"column":23},"end":{"line":55,"column":72}},"19":{"start":{"line":55,"column":48},"end":{"line":55,"column":60}},"20":{"start":{"line":56,"column":6},"end":{"line":56,"column":54}},"21":{"start":{"line":58,"column":4},"end":{"line":58,"column":15}},"22":{"start":{"line":62,"column":4},"end":{"line":71,"column":5}},"23":{"start":{"line":63,"column":27},"end":{"line":63,"column":100}},"24":{"start":{"line":64,"column":6},"end":{"line":64,"column":46}},"25":{"start":{"line":64,"column":34},"end":{"line":64,"column":46}},"26":{"start":{"line":65,"column":28},"end":{"line":65,"column":89}},"27":{"start":{"line":66,"column":28},"end":{"line":66,"column":92}},"28":{"start":{"line":66,"column":69},"end":{"line":66,"column":91}},"29":{"start":{"line":67,"column":6},"end":{"line":67,"column":84}},"30":{"start":{"line":69,"column":6},"end":{"line":69,"column":92}},"31":{"start":{"line":70,"column":6},"end":{"line":70,"column":18}},"32":{"start":{"line":75,"column":20},"end":{"line":80,"column":8}},"33":{"start":{"line":77,"column":61},"end":{"line":77,"column":72}},"34":{"start":{"line":78,"column":8},"end":{"line":78,"column":41}},"35":{"start":{"line":78,"column":19},"end":{"line":78,"column":41}},"36":{"start":{"line":79,"column":8},"end":{"line":79,"column":98}},"37":{"start":{"line":79,"column":77},"end":{"line":79,"column":95}},"38":{"start":{"line":81,"column":4},"end":{"line":81,"column":110}},"39":{"start":{"line":81,"column":27},"end":{"line":81,"column":108}},"40":{"start":{"line":82,"column":4},"end":{"line":82,"column":19}},"41":{"start":{"line":86,"column":4},"end":{"line":86,"column":92}},"42":{"start":{"line":86,"column":49},"end":{"line":86,"column":92}},"43":{"start":{"line":87,"column":4},"end":{"line":89,"column":5}},"44":{"start":{"line":88,"column":6},"end":{"line":88,"column":92}},"45":{"start":{"line":91,"column":20},"end":{"line":91,"column":68}},"46":{"start":{"line":92,"column":4},"end":{"line":92,"column":84}},"47":{"start":{"line":92,"column":47},"end":{"line":92,"column":84}},"48":{"start":{"line":93,"column":4},"end":{"line":93,"column":88}},"49":{"start":{"line":93,"column":27},"end":{"line":93,"column":88}},"50":{"start":{"line":94,"column":27},"end":{"line":94,"column":60}},"51":{"start":{"line":96,"column":24},"end":{"line":96,"column":79}},"52":{"start":{"line":97,"column":29},"end":{"line":97,"column":91}},"53":{"start":{"line":97,"column":68},"end":{"line":97,"column":90}},"54":{"start":{"line":98,"column":25},"end":{"line":98,"column":59}},"55":{"start":{"line":100,"column":25},"end":{"line":100,"column":97}},"56":{"start":{"line":101,"column":25},"end":{"line":104,"column":31}},"57":{"start":{"line":102,"column":21},"end":{"line":102,"column":63}},"58":{"start":{"line":104,"column":18},"end":{"line":104,"column":30}},"59":{"start":{"line":106,"column":23},"end":{"line":108,"column":122}},"60":{"start":{"line":110,"column":23},"end":{"line":110,"column":52}},"61":{"start":{"line":111,"column":21},"end":{"line":111,"column":52}},"62":{"start":{"line":112,"column":25},"end":{"line":112,"column":45}},"63":{"start":{"line":114,"column":24},"end":{"line":116,"column":6}},"64":{"start":{"line":117,"column":29},"end":{"line":119,"column":6}},"65":{"start":{"line":121,"column":21},"end":{"line":121,"column":43}},"66":{"start":{"line":122,"column":21},"end":{"line":122,"column":69}},"67":{"start":{"line":123,"column":20},"end":{"line":123,"column":40}},"68":{"start":{"line":125,"column":4},"end":{"line":127,"column":7}},"69":{"start":{"line":129,"column":4},"end":{"line":131,"column":5}},"70":{"start":{"line":130,"column":6},"end":{"line":130,"column":88}},"71":{"start":{"line":134,"column":4},"end":{"line":141,"column":5}},"72":{"start":{"line":135,"column":6},"end":{"line":140,"column":7}},"73":{"start":{"line":136,"column":22},"end":{"line":136,"column":79}},"74":{"start":{"line":137,"column":8},"end":{"line":137,"column":105}},"75":{"start":{"line":137,"column":21},"end":{"line":137,"column":79}},"76":{"start":{"line":137,"column":80},"end":{"line":137,"column":103}},"77":{"start":{"line":139,"column":8},"end":{"line":139,"column":88}},"78":{"start":{"line":143,"column":4},"end":{"line":143,"column":124}},"79":{"start":{"line":156,"column":4},"end":{"line":156,"column":92}},"80":{"start":{"line":156,"column":49},"end":{"line":156,"column":92}},"81":{"start":{"line":157,"column":4},"end":{"line":159,"column":5}},"82":{"start":{"line":158,"column":6},"end":{"line":158,"column":92}},"83":{"start":{"line":161,"column":20},"end":{"line":161,"column":68}},"84":{"start":{"line":162,"column":4},"end":{"line":162,"column":84}},"85":{"start":{"line":162,"column":47},"end":{"line":162,"column":84}},"86":{"start":{"line":163,"column":4},"end":{"line":163,"column":88}},"87":{"start":{"line":163,"column":27},"end":{"line":163,"column":88}},"88":{"start":{"line":164,"column":27},"end":{"line":164,"column":60}},"89":{"start":{"line":166,"column":24},"end":{"line":166,"column":79}},"90":{"start":{"line":167,"column":29},"end":{"line":167,"column":91}},"91":{"start":{"line":167,"column":68},"end":{"line":167,"column":90}},"92":{"start":{"line":168,"column":25},"end":{"line":168,"column":59}},"93":{"start":{"line":170,"column":25},"end":{"line":170,"column":97}},"94":{"start":{"line":171,"column":25},"end":{"line":174,"column":31}},"95":{"start":{"line":172,"column":21},"end":{"line":172,"column":63}},"96":{"start":{"line":174,"column":18},"end":{"line":174,"column":30}},"97":{"start":{"line":176,"column":4},"end":{"line":176,"column":114}},"98":{"start":{"line":178,"column":4},"end":{"line":191,"column":5}},"99":{"start":{"line":179,"column":6},"end":{"line":179,"column":43}},"100":{"start":{"line":181,"column":6},"end":{"line":190,"column":7}},"101":{"start":{"line":182,"column":8},"end":{"line":184,"column":11}},"102":{"start":{"line":186,"column":8},"end":{"line":186,"column":107}},"103":{"start":{"line":187,"column":8},"end":{"line":189,"column":11}},"104":{"start":{"line":192,"column":4},"end":{"line":192,"column":85}},"105":{"start":{"line":194,"column":23},"end":{"line":194,"column":52}},"106":{"start":{"line":195,"column":21},"end":{"line":195,"column":52}},"107":{"start":{"line":196,"column":25},"end":{"line":196,"column":45}},"108":{"start":{"line":198,"column":24},"end":{"line":200,"column":6}},"109":{"start":{"line":201,"column":29},"end":{"line":203,"column":6}},"110":{"start":{"line":205,"column":21},"end":{"line":205,"column":43}},"111":{"start":{"line":206,"column":21},"end":{"line":206,"column":69}},"112":{"start":{"line":207,"column":20},"end":{"line":207,"column":40}},"113":{"start":{"line":209,"column":4},"end":{"line":211,"column":7}},"114":{"start":{"line":213,"column":23},"end":{"line":215,"column":12}},"115":{"start":{"line":218,"column":4},"end":{"line":225,"column":5}},"116":{"start":{"line":219,"column":6},"end":{"line":224,"column":7}},"117":{"start":{"line":220,"column":22},"end":{"line":220,"column":79}},"118":{"start":{"line":221,"column":8},"end":{"line":221,"column":105}},"119":{"start":{"line":221,"column":21},"end":{"line":221,"column":79}},"120":{"start":{"line":221,"column":80},"end":{"line":221,"column":103}},"121":{"start":{"line":223,"column":8},"end":{"line":223,"column":88}},"122":{"start":{"line":227,"column":4},"end":{"line":227,"column":136}},"123":{"start":{"line":45,"column":0},"end":{"line":45,"column":13}},"124":{"start":{"line":231,"column":0},"end":{"line":231,"column":27}}},"fnMap":{"0":{"name":"isExplicitCrisis","decl":{"start":{"line":21,"column":9},"end":{"line":21,"column":25}},"loc":{"start":{"line":21,"column":38},"end":{"line":25,"column":1}}},"1":{"name":"(anonymous_1)","decl":{"start":{"line":23,"column":29},"end":{"line":23,"column":30}},"loc":{"start":{"line":23,"column":38},"end":{"line":23,"column":57}}},"2":{"name":"(anonymous_2)","decl":{"start":{"line":24,"column":29},"end":{"line":24,"column":30}},"loc":{"start":{"line":24,"column":41},"end":{"line":24,"column":63}}},"3":{"name":"(anonymous_3)","decl":{"start":{"line":46,"column":2},"end":{"line":46,"column":null}},"loc":{"start":{"line":49,"column":38},"end":{"line":50,"column":6}}},"4":{"name":"(anonymous_4)","decl":{"start":{"line":52,"column":10},"end":{"line":52,"column":28}},"loc":{"start":{"line":52,"column":93},"end":{"line":59,"column":3}}},"5":{"name":"(anonymous_5)","decl":{"start":{"line":55,"column":36},"end":{"line":55,"column":37}},"loc":{"start":{"line":55,"column":48},"end":{"line":55,"column":60}}},"6":{"name":"(anonymous_6)","decl":{"start":{"line":61,"column":10},"end":{"line":61,"column":15}},"loc":{"start":{"line":61,"column":68},"end":{"line":72,"column":3}}},"7":{"name":"(anonymous_7)","decl":{"start":{"line":66,"column":62},"end":{"line":66,"column":63}},"loc":{"start":{"line":66,"column":69},"end":{"line":66,"column":91}}},"8":{"name":"(anonymous_8)","decl":{"start":{"line":74,"column":10},"end":{"line":74,"column":26}},"loc":{"start":{"line":74,"column":65},"end":{"line":83,"column":3}}},"9":{"name":"(anonymous_9)","decl":{"start":{"line":76,"column":12},"end":{"line":76,"column":13}},"loc":{"start":{"line":76,"column":35},"end":{"line":80,"column":7}}},"10":{"name":"(anonymous_10)","decl":{"start":{"line":79,"column":70},"end":{"line":79,"column":73}},"loc":{"start":{"line":79,"column":77},"end":{"line":79,"column":95}}},"11":{"name":"(anonymous_11)","decl":{"start":{"line":81,"column":18},"end":{"line":81,"column":19}},"loc":{"start":{"line":81,"column":27},"end":{"line":81,"column":108}}},"12":{"name":"(anonymous_12)","decl":{"start":{"line":85,"column":2},"end":{"line":85,"column":7}},"loc":{"start":{"line":85,"column":102},"end":{"line":144,"column":3}}},"13":{"name":"(anonymous_13)","decl":{"start":{"line":97,"column":61},"end":{"line":97,"column":62}},"loc":{"start":{"line":97,"column":68},"end":{"line":97,"column":90}}},"14":{"name":"(anonymous_14)","decl":{"start":{"line":102,"column":14},"end":{"line":102,"column":15}},"loc":{"start":{"line":102,"column":21},"end":{"line":102,"column":63}}},"15":{"name":"(anonymous_15)","decl":{"start":{"line":104,"column":11},"end":{"line":104,"column":12}},"loc":{"start":{"line":104,"column":18},"end":{"line":104,"column":30}}},"16":{"name":"(anonymous_16)","decl":{"start":{"line":146,"column":2},"end":{"line":146,"column":7}},"loc":{"start":{"line":155,"column":3},"end":{"line":228,"column":3}}},"17":{"name":"(anonymous_17)","decl":{"start":{"line":167,"column":61},"end":{"line":167,"column":62}},"loc":{"start":{"line":167,"column":68},"end":{"line":167,"column":90}}},"18":{"name":"(anonymous_18)","decl":{"start":{"line":172,"column":14},"end":{"line":172,"column":15}},"loc":{"start":{"line":172,"column":21},"end":{"line":172,"column":63}}},"19":{"name":"(anonymous_19)","decl":{"start":{"line":174,"column":11},"end":{"line":174,"column":12}},"loc":{"start":{"line":174,"column":18},"end":{"line":174,"column":30}}}},"branchMap":{"0":{"loc":{"start":{"line":23,"column":2},"end":{"line":23,"column":73}},"type":"if","locations":[{"start":{"line":23,"column":2},"end":{"line":23,"column":73}},{"start":{},"end":{}}]},"1":{"loc":{"start":{"line":54,"column":4},"end":{"line":57,"column":5}},"type":"if","locations":[{"start":{"line":54,"column":4},"end":{"line":57,"column":5}},{"start":{},"end":{}}]},"2":{"loc":{"start":{"line":54,"column":8},"end":{"line":54,"column":54}},"type":"binary-expr","locations":[{"start":{"line":54,"column":8},"end":{"line":54,"column":31}},{"start":{"line":54,"column":35},"end":{"line":54,"column":54}}]},"3":{"loc":{"start":{"line":64,"column":6},"end":{"line":64,"column":46}},"type":"if","locations":[{"start":{"line":64,"column":6},"end":{"line":64,"column":46}},{"start":{},"end":{}}]},"4":{"loc":{"start":{"line":78,"column":8},"end":{"line":78,"column":41}},"type":"if","locations":[{"start":{"line":78,"column":8},"end":{"line":78,"column":41}},{"start":{},"end":{}}]},"5":{"loc":{"start":{"line":86,"column":4},"end":{"line":86,"column":92}},"type":"if","locations":[{"start":{"line":86,"column":4},"end":{"line":86,"column":92}},{"start":{},"end":{}}]},"6":{"loc":{"start":{"line":86,"column":8},"end":{"line":86,"column":47}},"type":"binary-expr","locations":[{"start":{"line":86,"column":8},"end":{"line":86,"column":16}},{"start":{"line":86,"column":20},"end":{"line":86,"column":47}}]},"7":{"loc":{"start":{"line":87,"column":4},"end":{"line":89,"column":5}},"type":"if","locations":[{"start":{"line":87,"column":4},"end":{"line":89,"column":5}},{"start":{},"end":{}}]},"8":{"loc":{"start":{"line":92,"column":4},"end":{"line":92,"column":84}},"type":"if","locations":[{"start":{"line":92,"column":4},"end":{"line":92,"column":84}},{"start":{},"end":{}}]},"9":{"loc":{"start":{"line":92,"column":8},"end":{"line":92,"column":45}},"type":"binary-expr","locations":[{"start":{"line":92,"column":8},"end":{"line":92,"column":16}},{"start":{"line":92,"column":20},"end":{"line":92,"column":45}}]},"10":{"loc":{"start":{"line":93,"column":4},"end":{"line":93,"column":88}},"type":"if","locations":[{"start":{"line":93,"column":4},"end":{"line":93,"column":88}},{"start":{},"end":{}}]},"11":{"loc":{"start":{"line":94,"column":28},"end":{"line":94,"column":53}},"type":"binary-expr","locations":[{"start":{"line":94,"column":28},"end":{"line":94,"column":48}},{"start":{"line":94,"column":52},"end":{"line":94,"column":53}}]},"12":{"loc":{"start":{"line":98,"column":25},"end":{"line":98,"column":59}},"type":"binary-expr","locations":[{"start":{"line":98,"column":25},"end":{"line":98,"column":51}},{"start":{"line":98,"column":55},"end":{"line":98,"column":59}}]},"13":{"loc":{"start":{"line":100,"column":25},"end":{"line":100,"column":97}},"type":"cond-expr","locations":[{"start":{"line":100,"column":42},"end":{"line":100,"column":90}},{"start":{"line":100,"column":93},"end":{"line":100,"column":97}}]},"14":{"loc":{"start":{"line":102,"column":21},"end":{"line":102,"column":63}},"type":"binary-expr","locations":[{"start":{"line":102,"column":21},"end":{"line":102,"column":43}},{"start":{"line":102,"column":47},"end":{"line":102,"column":63}}]},"15":{"loc":{"start":{"line":106,"column":23},"end":{"line":108,"column":122}},"type":"cond-expr","locations":[{"start":{"line":107,"column":8},"end":{"line":107,"column":31}},{"start":{"line":108,"column":8},"end":{"line":108,"column":122}}]},"16":{"loc":{"start":{"line":110,"column":29},"end":{"line":110,"column":51}},"type":"binary-expr","locations":[{"start":{"line":110,"column":29},"end":{"line":110,"column":46}},{"start":{"line":110,"column":50},"end":{"line":110,"column":51}}]},"17":{"loc":{"start":{"line":122,"column":30},"end":{"line":122,"column":56}},"type":"binary-expr","locations":[{"start":{"line":122,"column":30},"end":{"line":122,"column":51}},{"start":{"line":122,"column":55},"end":{"line":122,"column":56}}]},"18":{"loc":{"start":{"line":129,"column":4},"end":{"line":131,"column":5}},"type":"if","locations":[{"start":{"line":129,"column":4},"end":{"line":131,"column":5}},{"start":{},"end":{}}]},"19":{"loc":{"start":{"line":129,"column":8},"end":{"line":129,"column":60}},"type":"binary-expr","locations":[{"start":{"line":129,"column":8},"end":{"line":129,"column":40}},{"start":{"line":129,"column":44},"end":{"line":129,"column":60}}]},"20":{"loc":{"start":{"line":134,"column":4},"end":{"line":141,"column":5}},"type":"if","locations":[{"start":{"line":134,"column":4},"end":{"line":141,"column":5}},{"start":{},"end":{}}]},"21":{"loc":{"start":{"line":137,"column":8},"end":{"line":137,"column":105}},"type":"if","locations":[{"start":{"line":137,"column":8},"end":{"line":137,"column":105}},{"start":{},"end":{}}]},"22":{"loc":{"start":{"line":143,"column":80},"end":{"line":143,"column":120}},"type":"cond-expr","locations":[{"start":{"line":143,"column":97},"end":{"line":143,"column":115}},{"start":{"line":143,"column":118},"end":{"line":143,"column":120}}]},"23":{"loc":{"start":{"line":156,"column":4},"end":{"line":156,"column":92}},"type":"if","locations":[{"start":{"line":156,"column":4},"end":{"line":156,"column":92}},{"start":{},"end":{}}]},"24":{"loc":{"start":{"line":156,"column":8},"end":{"line":156,"column":47}},"type":"binary-expr","locations":[{"start":{"line":156,"column":8},"end":{"line":156,"column":16}},{"start":{"line":156,"column":20},"end":{"line":156,"column":47}}]},"25":{"loc":{"start":{"line":157,"column":4},"end":{"line":159,"column":5}},"type":"if","locations":[{"start":{"line":157,"column":4},"end":{"line":159,"column":5}},{"start":{},"end":{}}]},"26":{"loc":{"start":{"line":162,"column":4},"end":{"line":162,"column":84}},"type":"if","locations":[{"start":{"line":162,"column":4},"end":{"line":162,"column":84}},{"start":{},"end":{}}]},"27":{"loc":{"start":{"line":162,"column":8},"end":{"line":162,"column":45}},"type":"binary-expr","locations":[{"start":{"line":162,"column":8},"end":{"line":162,"column":16}},{"start":{"line":162,"column":20},"end":{"line":162,"column":45}}]},"28":{"loc":{"start":{"line":163,"column":4},"end":{"line":163,"column":88}},"type":"if","locations":[{"start":{"line":163,"column":4},"end":{"line":163,"column":88}},{"start":{},"end":{}}]},"29":{"loc":{"start":{"line":164,"column":28},"end":{"line":164,"column":53}},"type":"binary-expr","locations":[{"start":{"line":164,"column":28},"end":{"line":164,"column":48}},{"start":{"line":164,"column":52},"end":{"line":164,"column":53}}]},"30":{"loc":{"start":{"line":168,"column":25},"end":{"line":168,"column":59}},"type":"binary-expr","locations":[{"start":{"line":168,"column":25},"end":{"line":168,"column":51}},{"start":{"line":168,"column":55},"end":{"line":168,"column":59}}]},"31":{"loc":{"start":{"line":170,"column":25},"end":{"line":170,"column":97}},"type":"cond-expr","locations":[{"start":{"line":170,"column":42},"end":{"line":170,"column":90}},{"start":{"line":170,"column":93},"end":{"line":170,"column":97}}]},"32":{"loc":{"start":{"line":172,"column":21},"end":{"line":172,"column":63}},"type":"binary-expr","locations":[{"start":{"line":172,"column":21},"end":{"line":172,"column":43}},{"start":{"line":172,"column":47},"end":{"line":172,"column":63}}]},"33":{"loc":{"start":{"line":178,"column":4},"end":{"line":191,"column":5}},"type":"if","locations":[{"start":{"line":178,"column":4},"end":{"line":191,"column":5}},{"start":{"line":180,"column":11},"end":{"line":191,"column":5}}]},"34":{"loc":{"start":{"line":194,"column":29},"end":{"line":194,"column":51}},"type":"binary-expr","locations":[{"start":{"line":194,"column":29},"end":{"line":194,"column":46}},{"start":{"line":194,"column":50},"end":{"line":194,"column":51}}]},"35":{"loc":{"start":{"line":206,"column":30},"end":{"line":206,"column":56}},"type":"binary-expr","locations":[{"start":{"line":206,"column":30},"end":{"line":206,"column":51}},{"start":{"line":206,"column":55},"end":{"line":206,"column":56}}]},"36":{"loc":{"start":{"line":213,"column":23},"end":{"line":215,"column":12}},"type":"cond-expr","locations":[{"start":{"line":214,"column":8},"end":{"line":214,"column":89}},{"start":{"line":215,"column":8},"end":{"line":215,"column":12}}]},"37":{"loc":{"start":{"line":213,"column":24},"end":{"line":213,"column":76}},"type":"binary-expr","locations":[{"start":{"line":213,"column":24},"end":{"line":213,"column":56}},{"start":{"line":213,"column":60},"end":{"line":213,"column":76}}]},"38":{"loc":{"start":{"line":218,"column":4},"end":{"line":225,"column":5}},"type":"if","locations":[{"start":{"line":218,"column":4},"end":{"line":225,"column":5}},{"start":{},"end":{}}]},"39":{"loc":{"start":{"line":221,"column":8},"end":{"line":221,"column":105}},"type":"if","locations":[{"start":{"line":221,"column":8},"end":{"line":221,"column":105}},{"start":{},"end":{}}]},"40":{"loc":{"start":{"line":227,"column":92},"end":{"line":227,"column":132}},"type":"cond-expr","locations":[{"start":{"line":227,"column":109},"end":{"line":227,"column":127}},{"start":{"line":227,"column":130},"end":{"line":227,"column":132}}]}},"s":{"0":1,"1":1,"2":1,"3":1,"4":1,"5":1,"6":1,"7":1,"8":6,"9":0,"10":1,"11":13,"12":1,"13":5,"14":5,"15":5,"16":0,"17":0,"18":0,"19":0,"20":0,"21":0,"22":1,"23":1,"24":1,"25":1,"26":0,"27":0,"28":0,"29":0,"30":0,"31":0,"32":0,"33":0,"34":0,"35":0,"36":0,"37":0,"38":0,"39":0,"40":0,"41":5,"42":1,"43":4,"44":1,"45":3,"46":3,"47":1,"48":2,"49":1,"50":1,"51":1,"52":1,"53":0,"54":1,"55":1,"56":1,"57":0,"58":0,"59":1,"60":1,"61":1,"62":1,"63":1,"64":1,"65":1,"66":1,"67":1,"68":1,"69":1,"70":0,"71":1,"72":1,"73":1,"74":1,"75":1,"76":1,"77":0,"78":1,"79":0,"80":0,"81":0,"82":0,"83":0,"84":0,"85":0,"86":0,"87":0,"88":0,"89":0,"90":0,"91":0,"92":0,"93":0,"94":0,"95":0,"96":0,"97":0,"98":0,"99":0,"100":0,"101":0,"102":0,"103":0,"104":0,"105":0,"106":0,"107":0,"108":0,"109":0,"110":0,"111":0,"112":0,"113":0,"114":0,"115":0,"116":0,"117":0,"118":0,"119":0,"120":0,"121":0,"122":0,"123":1,"124":1},"f":{"0":1,"1":6,"2":13,"3":5,"4":0,"5":0,"6":1,"7":0,"8":0,"9":0,"10":0,"11":0,"12":5,"13":0,"14":0,"15":0,"16":0,"17":0,"18":0,"19":0},"b":{"0":[0,1],"1":[0,0],"2":[0,0],"3":[1,0],"4":[0,0],"5":[1,4],"6":[5,4],"7":[1,3],"8":[1,2],"9":[3,2],"10":[1,1],"11":[1,0],"12":[1,1],"13":[1,0],"14":[0,0],"15":[0,1],"16":[1,0],"17":[1,1],"18":[0,1],"19":[1,0],"20":[1,0],"21":[1,0],"22":[1,0],"23":[0,0],"24":[0,0],"25":[0,0],"26":[0,0],"27":[0,0],"28":[0,0],"29":[0,0],"30":[0,0],"31":[0,0],"32":[0,0],"33":[0,0],"34":[0,0],"35":[0,0],"36":[0,0],"37":[0,0],"38":[0,0],"39":[0,0],"40":[0,0]}}
,"C:\\Users\\acer\\workspace\\mind-bridge\\mindbridge-backend\\src\\application\\use-cases\\marketplace\\GetPsychologist.ts": {"path":"C:\\Users\\acer\\workspace\\mind-bridge\\mindbridge-backend\\src\\application\\use-cases\\marketplace\\GetPsychologist.ts","statementMap":{"0":{"start":{"line":5,"column":22},"end":{"line":5,"column":69}},"1":{"start":{"line":8,"column":25},"end":{"line":8,"column":71}},"2":{"start":{"line":9,"column":4},"end":{"line":9,"column":65}},"3":{"start":{"line":9,"column":23},"end":{"line":9,"column":65}},"4":{"start":{"line":10,"column":4},"end":{"line":10,"column":24}},"5":{"start":{"line":4,"column":0},"end":{"line":4,"column":13}},"6":{"start":{"line":14,"column":0},"end":{"line":14,"column":31}}},"fnMap":{"0":{"name":"(anonymous_0)","decl":{"start":{"line":5,"column":2},"end":{"line":5,"column":22}},"loc":{"start":{"line":5,"column":69},"end":{"line":5,"column":73}}},"1":{"name":"(anonymous_1)","decl":{"start":{"line":7,"column":2},"end":{"line":7,"column":7}},"loc":{"start":{"line":7,"column":38},"end":{"line":11,"column":3}}}},"branchMap":{"0":{"loc":{"start":{"line":9,"column":4},"end":{"line":9,"column":65}},"type":"if","locations":[{"start":{"line":9,"column":4},"end":{"line":9,"column":65}},{"start":{},"end":{}}]}},"s":{"0":2,"1":2,"2":2,"3":1,"4":1,"5":1,"6":1},"f":{"0":2,"1":2},"b":{"0":[1,1]}}
,"C:\\Users\\acer\\workspace\\mind-bridge\\mindbridge-backend\\src\\application\\use-cases\\marketplace\\ListPsychologists.ts": {"path":"C:\\Users\\acer\\workspace\\mind-bridge\\mindbridge-backend\\src\\application\\use-cases\\marketplace\\ListPsychologists.ts","statementMap":{"0":{"start":{"line":5,"column":22},"end":{"line":5,"column":69}},"1":{"start":{"line":8,"column":4},"end":{"line":8,"column":49}},"2":{"start":{"line":4,"column":0},"end":{"line":4,"column":13}},"3":{"start":{"line":12,"column":0},"end":{"line":12,"column":33}}},"fnMap":{"0":{"name":"(anonymous_0)","decl":{"start":{"line":5,"column":2},"end":{"line":5,"column":22}},"loc":{"start":{"line":5,"column":69},"end":{"line":5,"column":73}}},"1":{"name":"(anonymous_1)","decl":{"start":{"line":7,"column":2},"end":{"line":7,"column":7}},"loc":{"start":{"line":7,"column":15},"end":{"line":9,"column":3}}}},"branchMap":{},"s":{"0":2,"1":2,"2":1,"3":1},"f":{"0":2,"1":2},"b":{}}
,"C:\\Users\\acer\\workspace\\mind-bridge\\mindbridge-backend\\src\\domain\\value-objects\\AlertLevel.ts": {"path":"C:\\Users\\acer\\workspace\\mind-bridge\\mindbridge-backend\\src\\domain\\value-objects\\AlertLevel.ts","statementMap":{"0":{"start":{"line":1,"column":13},"end":{"line":8,"column":3}},"1":{"start":{"line":10,"column":24},"end":{"line":10,"column":80}},"2":{"start":{"line":10,"column":52},"end":{"line":10,"column":80}},"3":{"start":{"line":10,"column":13},"end":{"line":10,"column":24}},"4":{"start":{"line":12,"column":21},"end":{"line":12,"column":91}},"5":{"start":{"line":12,"column":48},"end":{"line":12,"column":91}},"6":{"start":{"line":12,"column":13},"end":{"line":12,"column":21}}},"fnMap":{"0":{"name":"(anonymous_0)","decl":{"start":{"line":10,"column":24},"end":{"line":10,"column":25}},"loc":{"start":{"line":10,"column":52},"end":{"line":10,"column":80}}},"1":{"name":"(anonymous_1)","decl":{"start":{"line":12,"column":21},"end":{"line":12,"column":22}},"loc":{"start":{"line":12,"column":48},"end":{"line":12,"column":91}}}},"branchMap":{},"s":{"0":1,"1":1,"2":1,"3":1,"4":1,"5":1,"6":1},"f":{"0":1,"1":1},"b":{}}
,"C:\\Users\\acer\\workspace\\mind-bridge\\mindbridge-backend\\src\\domain\\value-objects\\Emotion.ts": {"path":"C:\\Users\\acer\\workspace\\mind-bridge\\mindbridge-backend\\src\\domain\\value-objects\\Emotion.ts","statementMap":{"0":{"start":{"line":1,"column":13},"end":{"line":23,"column":3}},"1":{"start":{"line":25,"column":13},"end":{"line":25,"column":76}},"2":{"start":{"line":27,"column":23},"end":{"line":27,"column":80}},"3":{"start":{"line":27,"column":53},"end":{"line":27,"column":80}},"4":{"start":{"line":27,"column":13},"end":{"line":27,"column":23}},"5":{"start":{"line":29,"column":29},"end":{"line":34,"column":1}},"6":{"start":{"line":30,"column":2},"end":{"line":30,"column":53}},"7":{"start":{"line":30,"column":29},"end":{"line":30,"column":53}},"8":{"start":{"line":31,"column":2},"end":{"line":33,"column":96}},"9":{"start":{"line":32,"column":38},"end":{"line":32,"column":87}},"10":{"start":{"line":33,"column":35},"end":{"line":33,"column":94}},"11":{"start":{"line":29,"column":13},"end":{"line":29,"column":29}}},"fnMap":{"0":{"name":"(anonymous_0)","decl":{"start":{"line":27,"column":23},"end":{"line":27,"column":24}},"loc":{"start":{"line":27,"column":53},"end":{"line":27,"column":80}}},"1":{"name":"(anonymous_1)","decl":{"start":{"line":29,"column":29},"end":{"line":29,"column":30}},"loc":{"start":{"line":29,"column":68},"end":{"line":34,"column":1}}},"2":{"name":"(anonymous_2)","decl":{"start":{"line":32,"column":12},"end":{"line":32,"column":13}},"loc":{"start":{"line":32,"column":38},"end":{"line":32,"column":87}}},"3":{"name":"(anonymous_3)","decl":{"start":{"line":33,"column":9},"end":{"line":33,"column":10}},"loc":{"start":{"line":33,"column":35},"end":{"line":33,"column":94}}}},"branchMap":{"0":{"loc":{"start":{"line":30,"column":2},"end":{"line":30,"column":53}},"type":"if","locations":[{"start":{"line":30,"column":2},"end":{"line":30,"column":53}},{"start":{},"end":{}}]},"1":{"loc":{"start":{"line":32,"column":38},"end":{"line":32,"column":87}},"type":"binary-expr","locations":[{"start":{"line":32,"column":38},"end":{"line":32,"column":54}},{"start":{"line":32,"column":58},"end":{"line":32,"column":87}}]}},"s":{"0":1,"1":1,"2":1,"3":1,"4":1,"5":1,"6":1,"7":0,"8":1,"9":1,"10":1,"11":1},"f":{"0":1,"1":1,"2":1,"3":1},"b":{"0":[0,1],"1":[1,1]}}
}
