TN:
SF:src\application\use-cases\auth\DeleteAccount.ts
FN:4,(anonymous_0)
FN:6,(anonymous_1)
FNF:2
FNH:2
FNDA:2,(anonymous_0)
FNDA:2,(anonymous_1)
DA:3,1
DA:4,2
DA:7,2
DA:8,2
DA:9,1
DA:13,1
LF:6
LH:6
BRDA:8,0,0,1
BRDA:8,0,1,1
BRF:2
BRH:2
end_of_record
TN:
SF:src\application\use-cases\auth\LoginUser.ts
FN:11,(anonymous_1)
FN:13,(anonymous_2)
FNF:2
FNH:2
FNDA:3,(anonymous_1)
FNDA:3,(anonymous_2)
DA:1,1
DA:2,1
DA:10,1
DA:11,3
DA:14,3
DA:15,3
DA:17,2
DA:18,2
DA:20,1
DA:26,1
DA:30,1
LF:11
LH:11
BRDA:15,0,0,1
BRDA:15,0,1,2
BRDA:18,1,0,1
BRDA:18,1,1,1
BRDA:23,2,0,1
BRDA:23,2,1,1
BRF:6
BRH:6
end_of_record
TN:
SF:src\application\use-cases\auth\RegisterUser.ts
FN:12,(anonymous_1)
FN:14,(anonymous_2)
FNF:2
FNH:2
FNDA:3,(anonymous_1)
FNDA:3,(anonymous_2)
DA:1,1
DA:11,1
DA:12,3
DA:15,3
DA:16,1
DA:19,2
DA:20,2
DA:22,1
DA:23,1
DA:25,1
DA:29,1
LF:11
LH:11
BRDA:15,0,0,1
BRDA:15,0,1,2
BRDA:20,1,0,1
BRDA:20,1,1,1
BRF:4
BRH:4
end_of_record
TN:
SF:src\application\use-cases\auth\UpdateProfile.ts
FN:11,(anonymous_0)
FN:13,(anonymous_1)
FNF:2
FNH:2
FNDA:5,(anonymous_0)
FNDA:5,(anonymous_1)
DA:10,1
DA:11,5
DA:14,5
DA:16,4
DA:17,2
DA:18,2
DA:21,3
DA:22,3
DA:23,3
DA:25,3
DA:26,3
DA:27,2
LF:12
LH:12
BRDA:14,0,0,1
BRDA:14,0,1,4
BRDA:14,1,0,5
BRDA:14,1,1,3
BRDA:16,2,0,2
BRDA:16,2,1,2
BRDA:18,3,0,1
BRDA:18,3,1,1
BRDA:18,4,0,2
BRDA:18,4,1,1
BRDA:22,5,0,2
BRDA:22,5,1,1
BRDA:23,6,0,1
BRDA:23,6,1,2
BRDA:26,7,0,1
BRDA:26,7,1,2
BRF:16
BRH:16
end_of_record
TN:
SF:src\application\use-cases\dashboard\GetEmotionMetrics.ts
FN:12,(anonymous_0)
FN:17,(anonymous_1)
FN:21,(anonymous_2)
FN:63,(anonymous_3)
FN:68,(anonymous_4)
FN:71,(anonymous_5)
FN:76,(anonymous_6)
FN:79,(anonymous_7)
FN:84,(anonymous_8)
FNF:9
FNH:7
FNDA:3,(anonymous_0)
FNDA:3,(anonymous_1)
FNDA:2,(anonymous_2)
FNDA:2,(anonymous_3)
FNDA:1,(anonymous_4)
FNDA:1,(anonymous_5)
FNDA:0,(anonymous_6)
FNDA:1,(anonymous_7)
FNDA:0,(anonymous_8)
DA:4,1
DA:5,1
DA:11,1
DA:13,3
DA:14,3
DA:18,3
DA:19,3
DA:21,2
DA:22,2
DA:23,2
DA:25,2
DA:27,2
DA:28,2
DA:29,2
DA:31,2
DA:32,1
DA:34,1
DA:35,1
DA:36,1
DA:37,1
DA:38,1
DA:41,1
DA:42,1
DA:43,2
DA:45,2
DA:46,2
DA:47,2
DA:49,2
DA:50,2
DA:51,2
DA:52,1
DA:53,1
DA:55,1
DA:56,1
DA:62,2
DA:63,2
DA:68,1
DA:70,2
DA:71,1
DA:76,0
DA:78,2
DA:80,1
DA:81,1
DA:82,1
DA:84,0
DA:86,2
DA:96,1
LF:47
LH:45
BRDA:17,0,0,0
BRDA:19,1,0,1
BRDA:19,1,1,2
BRDA:34,2,0,1
BRDA:34,2,1,0
BRDA:35,3,0,1
BRDA:35,3,1,0
BRDA:41,4,0,0
BRDA:41,4,1,1
BRDA:43,5,0,0
BRDA:43,5,1,2
BRDA:45,6,0,2
BRDA:45,6,1,0
BRDA:49,7,0,2
BRDA:49,7,1,0
BRDA:49,8,0,2
BRDA:49,8,1,1
BRDA:50,9,0,1
BRDA:50,9,1,1
BRDA:51,10,0,1
BRDA:51,10,1,1
BRDA:80,11,0,1
BRDA:80,11,1,0
BRDA:81,12,0,1
BRDA:81,12,1,0
BRF:25
BRH:16
end_of_record
TN:
SF:src\application\use-cases\journal\SendMessage.ts
FN:21,isExplicitCrisis
FN:23,(anonymous_1)
FN:24,(anonymous_2)
FN:46,(anonymous_3)
FN:52,(anonymous_4)
FN:55,(anonymous_5)
FN:61,(anonymous_6)
FN:66,(anonymous_7)
FN:74,(anonymous_8)
FN:76,(anonymous_9)
FN:79,(anonymous_10)
FN:81,(anonymous_11)
FN:85,(anonymous_12)
FN:97,(anonymous_13)
FN:102,(anonymous_14)
FN:104,(anonymous_15)
FN:146,(anonymous_16)
FN:167,(anonymous_17)
FN:172,(anonymous_18)
FN:174,(anonymous_19)
FNF:20
FNH:6
FNDA:1,isExplicitCrisis
FNDA:6,(anonymous_1)
FNDA:13,(anonymous_2)
FNDA:5,(anonymous_3)
FNDA:0,(anonymous_4)
FNDA:0,(anonymous_5)
FNDA:1,(anonymous_6)
FNDA:0,(anonymous_7)
FNDA:0,(anonymous_8)
FNDA:0,(anonymous_9)
FNDA:0,(anonymous_10)
FNDA:0,(anonymous_11)
FNDA:5,(anonymous_12)
FNDA:0,(anonymous_13)
FNDA:0,(anonymous_14)
FNDA:0,(anonymous_15)
FNDA:0,(anonymous_16)
FNDA:0,(anonymous_17)
FNDA:0,(anonymous_18)
FNDA:0,(anonymous_19)
DA:1,1
DA:2,1
DA:9,1
DA:10,1
DA:12,1
DA:19,1
DA:22,1
DA:23,6
DA:24,13
DA:27,1
DA:45,1
DA:47,5
DA:48,5
DA:49,5
DA:53,0
DA:54,0
DA:55,0
DA:56,0
DA:58,0
DA:62,1
DA:63,1
DA:64,1
DA:65,0
DA:66,0
DA:67,0
DA:69,0
DA:70,0
DA:75,0
DA:77,0
DA:78,0
DA:79,0
DA:81,0
DA:82,0
DA:86,5
DA:87,4
DA:88,1
DA:91,3
DA:92,3
DA:93,2
DA:94,1
DA:96,1
DA:97,1
DA:98,1
DA:100,1
DA:101,1
DA:102,0
DA:104,0
DA:106,1
DA:110,1
DA:111,1
DA:112,1
DA:114,1
DA:117,1
DA:121,1
DA:122,1
DA:123,1
DA:125,1
DA:129,1
DA:130,0
DA:134,1
DA:135,1
DA:136,1
DA:137,1
DA:139,0
DA:143,1
DA:156,0
DA:157,0
DA:158,0
DA:161,0
DA:162,0
DA:163,0
DA:164,0
DA:166,0
DA:167,0
DA:168,0
DA:170,0
DA:171,0
DA:172,0
DA:174,0
DA:176,0
DA:178,0
DA:179,0
DA:181,0
DA:182,0
DA:186,0
DA:187,0
DA:192,0
DA:194,0
DA:195,0
DA:196,0
DA:198,0
DA:201,0
DA:205,0
DA:206,0
DA:207,0
DA:209,0
DA:213,0
DA:218,0
DA:219,0
DA:220,0
DA:221,0
DA:223,0
DA:227,0
DA:231,1
LF:104
LH:46
BRDA:23,0,0,0
BRDA:23,0,1,1
BRDA:54,1,0,0
BRDA:54,1,1,0
BRDA:54,2,0,0
BRDA:54,2,1,0
BRDA:64,3,0,1
BRDA:64,3,1,0
BRDA:78,4,0,0
BRDA:78,4,1,0
BRDA:86,5,0,1
BRDA:86,5,1,4
BRDA:86,6,0,5
BRDA:86,6,1,4
BRDA:87,7,0,1
BRDA:87,7,1,3
BRDA:92,8,0,1
BRDA:92,8,1,2
BRDA:92,9,0,3
BRDA:92,9,1,2
BRDA:93,10,0,1
BRDA:93,10,1,1
BRDA:94,11,0,1
BRDA:94,11,1,0
BRDA:98,12,0,1
BRDA:98,12,1,1
BRDA:100,13,0,1
BRDA:100,13,1,0
BRDA:102,14,0,0
BRDA:102,14,1,0
BRDA:106,15,0,0
BRDA:106,15,1,1
BRDA:110,16,0,1
BRDA:110,16,1,0
BRDA:122,17,0,1
BRDA:122,17,1,1
BRDA:129,18,0,0
BRDA:129,18,1,1
BRDA:129,19,0,1
BRDA:129,19,1,0
BRDA:134,20,0,1
BRDA:134,20,1,0
BRDA:137,21,0,1
BRDA:137,21,1,0
BRDA:143,22,0,1
BRDA:143,22,1,0
BRDA:156,23,0,0
BRDA:156,23,1,0
BRDA:156,24,0,0
BRDA:156,24,1,0
BRDA:157,25,0,0
BRDA:157,25,1,0
BRDA:162,26,0,0
BRDA:162,26,1,0
BRDA:162,27,0,0
BRDA:162,27,1,0
BRDA:163,28,0,0
BRDA:163,28,1,0
BRDA:164,29,0,0
BRDA:164,29,1,0
BRDA:168,30,0,0
BRDA:168,30,1,0
BRDA:170,31,0,0
BRDA:170,31,1,0
BRDA:172,32,0,0
BRDA:172,32,1,0
BRDA:178,33,0,0
BRDA:178,33,1,0
BRDA:194,34,0,0
BRDA:194,34,1,0
BRDA:206,35,0,0
BRDA:206,35,1,0
BRDA:213,36,0,0
BRDA:213,36,1,0
BRDA:213,37,0,0
BRDA:213,37,1,0
BRDA:218,38,0,0
BRDA:218,38,1,0
BRDA:221,39,0,0
BRDA:221,39,1,0
BRDA:227,40,0,0
BRDA:227,40,1,0
BRF:82
BRH:27
end_of_record
TN:
SF:src\application\use-cases\marketplace\GetPsychologist.ts
FN:5,(anonymous_0)
FN:7,(anonymous_1)
FNF:2
FNH:2
FNDA:2,(anonymous_0)
FNDA:2,(anonymous_1)
DA:4,1
DA:5,2
DA:8,2
DA:9,2
DA:10,1
DA:14,1
LF:6
LH:6
BRDA:9,0,0,1
BRDA:9,0,1,1
BRF:2
BRH:2
end_of_record
TN:
SF:src\application\use-cases\marketplace\ListPsychologists.ts
FN:5,(anonymous_0)
FN:7,(anonymous_1)
FNF:2
FNH:2
FNDA:2,(anonymous_0)
FNDA:2,(anonymous_1)
DA:4,1
DA:5,2
DA:8,2
DA:12,1
LF:4
LH:4
BRF:0
BRH:0
end_of_record
TN:
SF:src\domain\value-objects\AlertLevel.ts
FN:10,(anonymous_0)
FN:12,(anonymous_1)
FNF:2
FNH:2
FNDA:1,(anonymous_0)
FNDA:1,(anonymous_1)
DA:1,1
DA:10,1
DA:12,1
LF:3
LH:3
BRF:0
BRH:0
end_of_record
TN:
SF:src\domain\value-objects\Emotion.ts
FN:27,(anonymous_0)
FN:29,(anonymous_1)
FN:32,(anonymous_2)
FN:33,(anonymous_3)
FNF:4
FNH:4
FNDA:1,(anonymous_0)
FNDA:1,(anonymous_1)
FNDA:1,(anonymous_2)
FNDA:1,(anonymous_3)
DA:1,1
DA:25,1
DA:27,1
DA:29,1
DA:30,1
DA:31,1
DA:32,1
DA:33,1
LF:8
LH:8
BRDA:30,0,0,0
BRDA:30,0,1,1
BRDA:32,1,0,1
BRDA:32,1,1,1
BRF:4
BRH:3
end_of_record
